<!DOCTYPE html PUBLIC "-//W3C//DTD XHTML 1.1//EN" "https://www.w3.org/TR/xhtml11/DTD/xhtml11.dtd">
<html xmlns="https://www.w3.org/1999/xhtml">
<head>
<meta http-equiv="content-type" content="text/html; charset=UTF-8"/>
<title>TestNG Report</title>
<style type="text/css">table {margin-bottom:10px;border-collapse:collapse;empty-cells:show}th,td {border:1px solid #009;padding:.25em .5em}th {vertical-align:bottom}td {vertical-align:top}table a {font-weight:bold}.stripe td {background-color: #E6EBF9}.num {text-align:right}.passedodd td {background-color: #3F3}.passedeven td {background-color: #0A0}.skippedodd td {background-color: #DDD}.skippedeven td {background-color: #CCC}.failedodd td,.attn {background-color: #F33}.failedeven td,.stripe .attn {background-color: #D00}.stacktrace {white-space:pre;font-family:monospace}.totop {font-size:85%;text-align:center;border-bottom:2px solid #000}.invisible {display:none}</style>
</head>
<body>
<table>
<tr><th>Test</th><th># Passed</th><th># Skipped</th><th># Retried</th><th># Failed</th><th>Time (ms)</th><th>Included Groups</th><th>Excluded Groups</th></tr>
<tr><th colspan="8">DemoblazeBySpringCT</th></tr>
<tr><td><a href="#t0">regresssion_test1</a></td><td class="num">0</td><td class="num attn">1</td><td class="num">0</td><td class="num attn">1</td><td class="num">13,605</td><td></td><td></td></tr>
</table>
<table id='summary'><thead><tr><th>Class</th><th>Method</th><th>Start</th><th>Time (ms)</th></tr></thead><tbody><tr><th colspan="4">DemoblazeBySpringCT</th></tr></tbody><tbody id="t0"><tr><th colspan="4">regresssion_test1 &#8212; failed (configuration methods)</th></tr><tr class="failedeven"><td rowspan="1">com.autoPractice.POMtests.DemoblazeBySpringCTTest</td><td><a href="#m0">collectResults</a></td><td rowspan="1">1674322929053</td><td rowspan="1">449</td></tr><tr><th colspan="4">regresssion_test1 &#8212; failed</th></tr><tr class="failedeven"><td rowspan="1">com.autoPractice.POMtests.DemoblazeBySpringCTTest</td><td><a href="#m1">test_001_loginToDemoblazeProductStore</a></td><td rowspan="1">1674322922814</td><td rowspan="1">6236</td></tr><tr><th colspan="4">regresssion_test1 &#8212; skipped (configuration methods)</th></tr><tr class="skippedeven"><td rowspan="3">com.autoPractice.POMtests.DemoblazeBySpringCTTest</td><td><a href="#m2">collectResults</a></td><td rowspan="1">1674322929536</td><td rowspan="1">-1674322929536</td></tr><tr class="skippedeven"><td><a href="#m3">flushResults</a></td><td rowspan="1">1674322929541</td><td rowspan="1">-1674322929541</td></tr><tr class="skippedeven"><td><a href="#m4">openBrowser</a></td><td rowspan="1">1674322929509</td><td rowspan="1">-1674322929509</td></tr><tr><th colspan="4">regresssion_test1 &#8212; skipped</th></tr><tr class="skippedeven"><td rowspan="1">com.autoPractice.POMtests.DemoblazeBySpringCTTest</td><td><a href="#m5">test_002_loginToDemoblazeProductStore</a></td><td rowspan="1">1674322929515</td><td rowspan="1">0</td></tr></tbody>
</table>
<h2>regresssion_test1</h2><h3 id="m0">com.autoPractice.POMtests.DemoblazeBySpringCTTest#collectResults</h3><table class="result"><tr class="param"><th>Parameter #1</th></tr><tr class="param stripe"><td>[TestResult name=test_001_loginToDemoblazeProductStore status=FAILURE method=DemoblazeBySpringCTTest.test_001_loginToDemoblazeProductStore()[pri:1, instance:com.autoPractice.POMtests.DemoblazeBySpringCTTest@4cc451f2] output={null}]</td></tr><tr><th>Exception</th></tr><tr><td><div class="stacktrace">java.io.FileNotFoundException: E:\1.auto\1.firstAutoProject\com.autoPractice\myScreenshots\test_001_loginToDemoblazeProductStore 21-12-2023 11:12:09.pdf (The filename, directory name, or volume label syntax is incorrect)
	at java.base/java.io.FileOutputStream.open0(Native Method)
	at java.base/java.io.FileOutputStream.open(FileOutputStream.java:293)
	at java.base/java.io.FileOutputStream.&lt;init&gt;(FileOutputStream.java:235)
	at java.base/java.io.FileOutputStream.&lt;init&gt;(FileOutputStream.java:184)
	at org.openqa.selenium.io.FileHandler.copyFile(FileHandler.java:136)
	at org.openqa.selenium.io.FileHandler.copy(FileHandler.java:115)
	at com.autoPractice.Utilities.Screenshots.captureScreenshot(Screenshots.java:24)
	at com.autoPractice.POMtests.DemoblazeBySpringCTTest.collectResults(DemoblazeBySpringCTTest.java:124)
	at java.base/java.util.ArrayList.forEach(ArrayList.java:1511)
	at java.base/java.util.concurrent.FutureTask.run(FutureTask.java:264)
	at java.base/java.util.concurrent.ThreadPoolExecutor.runWorker(ThreadPoolExecutor.java:1136)
	at java.base/java.util.concurrent.ThreadPoolExecutor$Worker.run(ThreadPoolExecutor.java:635)
	at java.base/java.lang.Thread.run(Thread.java:833)
... Removed 23 stack frames</div></td></tr></table><p class="totop"><a href="#summary">back to summary</a></p>
<h3 id="m1">com.autoPractice.POMtests.DemoblazeBySpringCTTest#test_001_loginToDemoblazeProductStore</h3><table class="result"><tr><th>Exception</th></tr><tr><td><div class="stacktrace">java.lang.AssertionError: The following asserts failed:
	demoblaze product store title is correct...login successfull expected [true] but found [false]
	at com.autoPractice.POMtests.DemoblazeBySpringCTTest.test_001_loginToDemoblazeProductStore(DemoblazeBySpringCTTest.java:78)
	at java.base/java.util.ArrayList.forEach(ArrayList.java:1511)
	at java.base/java.util.concurrent.FutureTask.run(FutureTask.java:264)
	at java.base/java.util.concurrent.ThreadPoolExecutor.runWorker(ThreadPoolExecutor.java:1136)
	at java.base/java.util.concurrent.ThreadPoolExecutor$Worker.run(ThreadPoolExecutor.java:635)
	at java.base/java.lang.Thread.run(Thread.java:833)
... Removed 20 stack frames</div></td></tr></table><p class="totop"><a href="#summary">back to summary</a></p>
<h3 id="m2">com.autoPractice.POMtests.DemoblazeBySpringCTTest#collectResults</h3><table class="result"><tr><th class="invisible"/></tr></table><p class="totop"><a href="#summary">back to summary</a></p>
<h3 id="m3">com.autoPractice.POMtests.DemoblazeBySpringCTTest#flushResults</h3><table class="result"><tr><th class="invisible"/></tr></table><p class="totop"><a href="#summary">back to summary</a></p>
<h3 id="m4">com.autoPractice.POMtests.DemoblazeBySpringCTTest#openBrowser</h3><table class="result"><tr><th class="invisible"/></tr></table><p class="totop"><a href="#summary">back to summary</a></p>
<h3 id="m5">com.autoPractice.POMtests.DemoblazeBySpringCTTest#test_002_loginToDemoblazeProductStore</h3><table class="result"><tr><th>Exception</th></tr><tr><td><div class="stacktrace">java.io.FileNotFoundException: E:\1.auto\1.firstAutoProject\com.autoPractice\myScreenshots\test_001_loginToDemoblazeProductStore 21-12-2023 11:12:09.pdf (The filename, directory name, or volume label syntax is incorrect)
	at java.base/java.io.FileOutputStream.open0(Native Method)
	at java.base/java.io.FileOutputStream.open(FileOutputStream.java:293)
	at java.base/java.io.FileOutputStream.&lt;init&gt;(FileOutputStream.java:235)
	at java.base/java.io.FileOutputStream.&lt;init&gt;(FileOutputStream.java:184)
	at org.openqa.selenium.io.FileHandler.copyFile(FileHandler.java:136)
	at org.openqa.selenium.io.FileHandler.copy(FileHandler.java:115)
	at com.autoPractice.Utilities.Screenshots.captureScreenshot(Screenshots.java:24)
	at com.autoPractice.POMtests.DemoblazeBySpringCTTest.collectResults(DemoblazeBySpringCTTest.java:124)
	at java.base/java.util.ArrayList.forEach(ArrayList.java:1511)
	at java.base/java.util.concurrent.FutureTask.run(FutureTask.java:264)
	at java.base/java.util.concurrent.ThreadPoolExecutor.runWorker(ThreadPoolExecutor.java:1136)
	at java.base/java.util.concurrent.ThreadPoolExecutor$Worker.run(ThreadPoolExecutor.java:635)
	at java.base/java.lang.Thread.run(Thread.java:833)
... Removed 23 stack frames</div></td></tr></table><p class="totop"><a href="#summary">back to summary</a></p>
</body>
</html>
