<?xml version="1.0" encoding="UTF-8"?>
<!-- Generated by org.testng.reporters.JUnitXMLReporter -->
<testsuite ignored="0" hostname="DESKTOP-L1P8I80" failures="1" tests="2" name="regresssion_test1" time="13.605" errors="0" timestamp="2023-01-21T23:12:09 IST">
  <testcase classname="com.autoPractice.POMtests.DemoblazeBySpringCTTest" name="@AfterMethod collectResults" time="0.449">
    <failure type="java.io.FileNotFoundException" message="E:\1.auto\1.firstAutoProject\com.autoPractice\myScreenshots\test_001_loginToDemoblazeProductStore 21-12-2023 11:12:09.pdf (The filename, directory name, or volume label syntax is incorrect)">
      <![CDATA[java.io.FileNotFoundException: E:\1.auto\1.firstAutoProject\com.autoPractice\myScreenshots\test_001_loginToDemoblazeProductStore 21-12-2023 11:12:09.pdf (The filename, directory name, or volume label syntax is incorrect)
at java.base/java.io.FileOutputStream.open0(Native Method)
at java.base/java.io.FileOutputStream.open(FileOutputStream.java:293)
at java.base/java.io.FileOutputStream.<init>(FileOutputStream.java:235)
at java.base/java.io.FileOutputStream.<init>(FileOutputStream.java:184)
at org.openqa.selenium.io.FileHandler.copyFile(FileHandler.java:136)
at org.openqa.selenium.io.FileHandler.copy(FileHandler.java:115)
at com.autoPractice.Utilities.Screenshots.captureScreenshot(Screenshots.java:24)
at com.autoPractice.POMtests.DemoblazeBySpringCTTest.collectResults(DemoblazeBySpringCTTest.java:124)
at java.base/java.util.ArrayList.forEach(ArrayList.java:1511)
at java.base/java.util.concurrent.FutureTask.run(FutureTask.java:264)
at java.base/java.util.concurrent.ThreadPoolExecutor.runWorker(ThreadPoolExecutor.java:1136)
at java.base/java.util.concurrent.ThreadPoolExecutor$Worker.run(ThreadPoolExecutor.java:635)
at java.base/java.lang.Thread.run(Thread.java:833)
... Removed 23 stack frames]]>
    </failure>
  </testcase> <!-- @AfterMethod collectResults -->
  <testcase classname="com.autoPractice.POMtests.DemoblazeBySpringCTTest" name="@BeforeMethod openBrowser" time="-1.674322929509E9">
    <skipped/>
  </testcase> <!-- @BeforeMethod openBrowser -->
  <testcase classname="com.autoPractice.POMtests.DemoblazeBySpringCTTest" name="@AfterMethod collectResults" time="-1.674322929536E9">
    <skipped/>
  </testcase> <!-- @AfterMethod collectResults -->
  <testcase classname="com.autoPractice.POMtests.DemoblazeBySpringCTTest" name="@AfterClass flushResults" time="-1.674322929541E9">
    <skipped/>
  </testcase> <!-- @AfterClass flushResults -->
  <testcase classname="com.autoPractice.POMtests.DemoblazeBySpringCTTest" name="test_001_loginToDemoblazeProductStore" time="6.236">
    <failure type="java.lang.AssertionError" message="The following asserts failed:
	demoblaze product store title is correct...login successfull expected [true] but found [false]">
      <![CDATA[java.lang.AssertionError: The following asserts failed:
demoblaze product store title is correct...login successfull expected [true] but found [false]
at com.autoPractice.POMtests.DemoblazeBySpringCTTest.test_001_loginToDemoblazeProductStore(DemoblazeBySpringCTTest.java:78)
at java.base/java.util.ArrayList.forEach(ArrayList.java:1511)
at java.base/java.util.concurrent.FutureTask.run(FutureTask.java:264)
at java.base/java.util.concurrent.ThreadPoolExecutor.runWorker(ThreadPoolExecutor.java:1136)
at java.base/java.util.concurrent.ThreadPoolExecutor$Worker.run(ThreadPoolExecutor.java:635)
at java.base/java.lang.Thread.run(Thread.java:833)
... Removed 20 stack frames]]>
    </failure>
  </testcase> <!-- test_001_loginToDemoblazeProductStore -->
  <testcase classname="com.autoPractice.POMtests.DemoblazeBySpringCTTest" name="test_002_loginToDemoblazeProductStore" time="0.0">
    <skipped/>
  </testcase> <!-- test_002_loginToDemoblazeProductStore -->
</testsuite> <!-- regresssion_test1 -->
